<?xml version="1.0" encoding="UTF-8"?>
<!-- Generated by org.testng.reporters.JUnitXMLReporter -->
<testsuite hostname="LAPTOP-FT1A29EQ" ignored="0" name="Default test" tests="7" failures="0" timestamp="2021-03-26T10:19:17 EDT" time="0.184" errors="0">
  <testcase name="alphanumericWords" time="0.031" classname="com.test.dictionary.WordResolver"/>
  <testcase name="capitalLetters" time="0.002" classname="com.test.dictionary.WordResolver"/>
  <testcase name="emptyCharacter" time="0.002" classname="com.test.dictionary.WordResolver"/>
  <testcase name="matchWords" time="0.003" classname="com.test.dictionary.WordResolver"/>
  <testcase name="matchnullWords" time="0.002" classname="com.test.dictionary.WordResolver"/>
  <testcase name="repeatedLetters" time="0.002" classname="com.test.dictionary.WordResolver"/>
  <testcase name="specialChar" time="0.002" classname="com.test.dictionary.WordResolver"/>
</testsuite> <!-- Default test -->
