<?xml version="1.0" encoding="UTF-8"?>
<testng-results skipped="0" failed="0" ignored="0" total="1" passed="1">
  <reporter-output>
  </reporter-output>
  <suite name="Default suite" duration-ms="3640" started-at="2021-03-19T17:21:25 EDT" finished-at="2021-03-19T17:21:29 EDT">
    <groups>
    </groups>
    <test name="Default test" duration-ms="3640" started-at="2021-03-19T17:21:25 EDT" finished-at="2021-03-19T17:21:29 EDT">
      <class name="dictionary.WordResolver">
        <test-method status="PASS" signature="matchWords()[pri:0, instance:dictionary.WordResolver@6895a785]" name="matchWords" duration-ms="3579" started-at="2021-03-19T17:21:25 EDT" finished-at="2021-03-19T17:21:29 EDT">
          <reporter-output>
          </reporter-output>
        </test-method> <!-- matchWords -->
        <test-method status="PASS" signature="tearup()[pri:0, instance:dictionary.WordResolver@6895a785]" name="tearup" is-config="true" duration-ms="0" started-at="2021-03-19T17:21:29 EDT" finished-at="2021-03-19T17:21:29 EDT">
          <reporter-output>
          </reporter-output>
        </test-method> <!-- tearup -->
      </class> <!-- dictionary.WordResolver -->
    </test> <!-- Default test -->
  </suite> <!-- Default suite -->
</testng-results>
